<?xml version="1.0" encoding="UTF-8"?>
<testng-results skipped="1" failed="1" total="3" passed="1">
  <reporter-output>
    <line>
      <![CDATA[Setting up the reports and test is getting ready]]>
    </line>
    <line>
      <![CDATA[Settup completed and Test can be started]]>
    </line>
    <line>
      <![CDATA[Starting the browser and application is getting ready]]>
    </line>
    <line>
      <![CDATA[Browser and Application is up and running]]>
    </line>
    <line>
      <![CDATA[Test is about to end]]>
    </line>
    <line>
      <![CDATA[Test completed and reports are generated ]]>
    </line>
    <line>
      <![CDATA[Test is about to end]]>
    </line>
    <line>
      <![CDATA[Test completed and reports are generated ]]>
    </line>
    <line>
      <![CDATA[Test is about to end]]>
    </line>
    <line>
      <![CDATA[Test completed and reports are generated ]]>
    </line>
  </reporter-output>
  <suite name="Default suite" duration-ms="25727" started-at="2020-04-22T13:19:11Z" finished-at="2020-04-22T13:19:37Z">
    <groups>
    </groups>
    <test name="Default test" duration-ms="25727" started-at="2020-04-22T13:19:11Z" finished-at="2020-04-22T13:19:37Z">
      <class name="com.learnautomation.testcases.LoginTest">
        <test-method status="PASS" signature="SetupSuite()[pri:0, instance:com.learnautomation.testcases.LoginTest@35bbe5e8]" name="SetupSuite" is-config="true" duration-ms="2971" started-at="2020-04-22T18:49:08Z" finished-at="2020-04-22T18:49:11Z">
          <reporter-output>
            <line>
              <![CDATA[Setting up the reports and test is getting ready]]>
            </line>
            <line>
              <![CDATA[Settup completed and Test can be started]]>
            </line>
          </reporter-output>
        </test-method> <!-- SetupSuite -->
        <test-method status="PASS" signature="setup()[pri:0, instance:com.learnautomation.testcases.LoginTest@35bbe5e8]" name="setup" is-config="true" duration-ms="16157" started-at="2020-04-22T18:49:11Z" finished-at="2020-04-22T18:49:27Z">
          <reporter-output>
            <line>
              <![CDATA[Starting the browser and application is getting ready]]>
            </line>
            <line>
              <![CDATA[Browser and Application is up and running]]>
            </line>
          </reporter-output>
        </test-method> <!-- setup -->
        <test-method status="FAIL" signature="logintest()[pri:1, instance:com.learnautomation.testcases.LoginTest@35bbe5e8]" name="logintest" duration-ms="2047" started-at="2020-04-22T18:49:27Z" finished-at="2020-04-22T18:49:29Z">
          <exception class="java.lang.AssertionError">
            <message>
              <![CDATA[expected [true] but found [false]]]>
            </message>
            <full-stacktrace>
              <![CDATA[java.lang.AssertionError: expected [true] but found [false]
	at org.testng.Assert.fail(Assert.java:94)
	at org.testng.Assert.failNotEquals(Assert.java:513)
	at org.testng.Assert.assertTrue(Assert.java:42)
	at org.testng.Assert.assertTrue(Assert.java:52)
	at com.learnautomation.testcases.LoginTest.logintest(LoginTest.java:41)
	at sun.reflect.NativeMethodAccessorImpl.invoke0(Native Method)
	at sun.reflect.NativeMethodAccessorImpl.invoke(NativeMethodAccessorImpl.java:62)
	at sun.reflect.DelegatingMethodAccessorImpl.invoke(DelegatingMethodAccessorImpl.java:43)
	at java.lang.reflect.Method.invoke(Method.java:498)
	at org.testng.internal.MethodInvocationHelper.invokeMethod(MethodInvocationHelper.java:86)
	at org.testng.internal.Invoker.invokeMethod(Invoker.java:645)
	at org.testng.internal.Invoker.invokeTestMethod(Invoker.java:822)
	at org.testng.internal.Invoker.invokeTestMethods(Invoker.java:1130)
	at org.testng.internal.TestMethodWorker.invokeTestMethods(TestMethodWorker.java:129)
	at org.testng.internal.TestMethodWorker.run(TestMethodWorker.java:112)
	at org.testng.TestRunner.privateRun(TestRunner.java:782)
	at org.testng.TestRunner.run(TestRunner.java:632)
	at org.testng.SuiteRunner.runTest(SuiteRunner.java:366)
	at org.testng.SuiteRunner.runSequentially(SuiteRunner.java:361)
	at org.testng.SuiteRunner.privateRun(SuiteRunner.java:319)
	at org.testng.SuiteRunner.run(SuiteRunner.java:268)
	at org.testng.SuiteRunnerWorker.runSuite(SuiteRunnerWorker.java:52)
	at org.testng.SuiteRunnerWorker.run(SuiteRunnerWorker.java:86)
	at org.testng.TestNG.runSuitesSequentially(TestNG.java:1244)
	at org.testng.TestNG.runSuitesLocally(TestNG.java:1169)
	at org.testng.TestNG.run(TestNG.java:1064)
	at org.testng.remote.RemoteTestNG.run(RemoteTestNG.java:113)
	at org.testng.remote.RemoteTestNG.initAndRun(RemoteTestNG.java:206)
	at org.testng.remote.RemoteTestNG.main(RemoteTestNG.java:177)
]]>
            </full-stacktrace>
          </exception> <!-- java.lang.AssertionError -->
          <reporter-output>
          </reporter-output>
        </test-method> <!-- logintest -->
        <test-method status="PASS" signature="teardownmethod(org.testng.ITestResult)[pri:0, instance:com.learnautomation.testcases.LoginTest@35bbe5e8]" name="teardownmethod" is-config="true" duration-ms="2320" started-at="2020-04-22T18:49:29Z" finished-at="2020-04-22T18:49:32Z">
          <params>
            <param index="0">
              <value>
                <![CDATA[[TestResult name=logintest status=FAILURE method=LoginTest.logintest()[pri:1, instance:com.learnautomation.testcases.LoginTest@35bbe5e8] output={null}]]]>
              </value>
            </param>
          </params>
          <reporter-output>
            <line>
              <![CDATA[Test is about to end]]>
            </line>
            <line>
              <![CDATA[Test completed and reports are generated ]]>
            </line>
          </reporter-output>
        </test-method> <!-- teardownmethod -->
        <test-method status="PASS" signature="logouttest()[pri:2, instance:com.learnautomation.testcases.LoginTest@35bbe5e8]" name="logouttest" duration-ms="8" started-at="2020-04-22T18:49:32Z" finished-at="2020-04-22T18:49:32Z">
          <reporter-output>
          </reporter-output>
        </test-method> <!-- logouttest -->
        <test-method status="PASS" signature="teardownmethod(org.testng.ITestResult)[pri:0, instance:com.learnautomation.testcases.LoginTest@35bbe5e8]" name="teardownmethod" is-config="true" duration-ms="437" started-at="2020-04-22T18:49:32Z" finished-at="2020-04-22T18:49:32Z">
          <params>
            <param index="0">
              <value>
                <![CDATA[[TestResult name=logouttest status=SUCCESS method=LoginTest.logouttest()[pri:2, instance:com.learnautomation.testcases.LoginTest@35bbe5e8] output={null}]]]>
              </value>
            </param>
          </params>
          <reporter-output>
            <line>
              <![CDATA[Test is about to end]]>
            </line>
            <line>
              <![CDATA[Test completed and reports are generated ]]>
            </line>
          </reporter-output>
        </test-method> <!-- teardownmethod -->
        <test-method status="SKIP" signature="refreshtest()[pri:3, instance:com.learnautomation.testcases.LoginTest@35bbe5e8]" name="refreshtest" duration-ms="9" started-at="2020-04-22T18:49:32Z" finished-at="2020-04-22T18:49:32Z">
          <exception class="org.testng.SkipException">
            <message>
              <![CDATA[For somereason the testcase skipped]]>
            </message>
            <full-stacktrace>
              <![CDATA[org.testng.SkipException: For somereason the testcase skipped
	at com.learnautomation.testcases.LoginTest.refreshtest(LoginTest.java:63)
	at sun.reflect.NativeMethodAccessorImpl.invoke0(Native Method)
	at sun.reflect.NativeMethodAccessorImpl.invoke(NativeMethodAccessorImpl.java:62)
	at sun.reflect.DelegatingMethodAccessorImpl.invoke(DelegatingMethodAccessorImpl.java:43)
	at java.lang.reflect.Method.invoke(Method.java:498)
	at org.testng.internal.MethodInvocationHelper.invokeMethod(MethodInvocationHelper.java:86)
	at org.testng.internal.Invoker.invokeMethod(Invoker.java:645)
	at org.testng.internal.Invoker.invokeTestMethod(Invoker.java:822)
	at org.testng.internal.Invoker.invokeTestMethods(Invoker.java:1130)
	at org.testng.internal.TestMethodWorker.invokeTestMethods(TestMethodWorker.java:129)
	at org.testng.internal.TestMethodWorker.run(TestMethodWorker.java:112)
	at org.testng.TestRunner.privateRun(TestRunner.java:782)
	at org.testng.TestRunner.run(TestRunner.java:632)
	at org.testng.SuiteRunner.runTest(SuiteRunner.java:366)
	at org.testng.SuiteRunner.runSequentially(SuiteRunner.java:361)
	at org.testng.SuiteRunner.privateRun(SuiteRunner.java:319)
	at org.testng.SuiteRunner.run(SuiteRunner.java:268)
	at org.testng.SuiteRunnerWorker.runSuite(SuiteRunnerWorker.java:52)
	at org.testng.SuiteRunnerWorker.run(SuiteRunnerWorker.java:86)
	at org.testng.TestNG.runSuitesSequentially(TestNG.java:1244)
	at org.testng.TestNG.runSuitesLocally(TestNG.java:1169)
	at org.testng.TestNG.run(TestNG.java:1064)
	at org.testng.remote.RemoteTestNG.run(RemoteTestNG.java:113)
	at org.testng.remote.RemoteTestNG.initAndRun(RemoteTestNG.java:206)
	at org.testng.remote.RemoteTestNG.main(RemoteTestNG.java:177)
]]>
            </full-stacktrace>
          </exception> <!-- org.testng.SkipException -->
          <reporter-output>
          </reporter-output>
        </test-method> <!-- refreshtest -->
        <test-method status="PASS" signature="teardownmethod(org.testng.ITestResult)[pri:0, instance:com.learnautomation.testcases.LoginTest@35bbe5e8]" name="teardownmethod" is-config="true" duration-ms="278" started-at="2020-04-22T18:49:32Z" finished-at="2020-04-22T18:49:32Z">
          <params>
            <param index="0">
              <value>
                <![CDATA[[TestResult name=refreshtest status=SKIP method=LoginTest.refreshtest()[pri:3, instance:com.learnautomation.testcases.LoginTest@35bbe5e8] output={null}]]]>
              </value>
            </param>
          </params>
          <reporter-output>
            <line>
              <![CDATA[Test is about to end]]>
            </line>
            <line>
              <![CDATA[Test completed and reports are generated ]]>
            </line>
          </reporter-output>
        </test-method> <!-- teardownmethod -->
        <test-method status="PASS" signature="teartown()[pri:0, instance:com.learnautomation.testcases.LoginTest@35bbe5e8]" name="teartown" is-config="true" duration-ms="4407" started-at="2020-04-22T18:49:32Z" finished-at="2020-04-22T18:49:37Z">
          <reporter-output>
          </reporter-output>
        </test-method> <!-- teartown -->
      </class> <!-- com.learnautomation.testcases.LoginTest -->
    </test> <!-- Default test -->
  </suite> <!-- Default suite -->
</testng-results>
